# JRE version: Java(TM) SE Runtime Environment (8.0_91-b15) (build 1.8.0_91-b15)
# Java VM: Java HotSpot(TM) 64-Bit Server VM (25.91-b15 mixed mode windows-amd64 compressed oops)
Heap:
 PSYoungGen      total 95232K, used 71372K [0x0000000755400000, 0x000000075e880000, 0x00000007c0000000)
  eden space 87040K, 72% used [0x0000000755400000,0x00000007591b89d0,0x000000075a900000)
  from space 8192K, 99% used [0x000000075b680000,0x000000075be7a790,0x000000075be80000)
  to   space 13824K, 0% used [0x000000075a900000,0x000000075a900000,0x000000075b680000)
 ParOldGen       total 54784K, used 28405K [0x000000067fc00000, 0x0000000683180000, 0x0000000755400000)
  object space 54784K, 51% used [0x000000067fc00000,0x00000006817bd450,0x0000000683180000)
 Metaspace       used 46705K, capacity 47732K, committed 47872K, reserved 1089536K
  class space    used 6443K, capacity 6798K, committed 6912K, reserved 1048576K
GC Heap History (10 events):
Event: 12.767 GC heap before
{Heap before GC invocations=14 (full 1):
 PSYoungGen      total 70656K, used 67257K [0x0000000755400000, 0x000000075a080000, 0x00000007c0000000)
  eden space 64512K, 100% used [0x0000000755400000,0x0000000759300000,0x0000000759300000)
  from space 6144K, 44% used [0x0000000759900000,0x0000000759bae588,0x0000000759f00000)
  to   space 6144K, 0% used [0x0000000759300000,0x0000000759300000,0x0000000759900000)
 ParOldGen       total 33280K, used 11380K [0x000000067fc00000, 0x0000000681c80000, 0x0000000755400000)
  object space 33280K, 34% used [0x000000067fc00000,0x000000068071d1c0,0x0000000681c80000)
 Metaspace       used 33345K, capacity 34084K, committed 34560K, reserved 1079296K
  class space    used 4498K, capacity 4738K, committed 4864K, reserved 1048576K
Event: 12.805 GC heap after
Heap after GC invocations=14 (full 1):
 PSYoungGen      total 70656K, used 6130K [0x0000000755400000, 0x000000075be80000, 0x00000007c0000000)
  eden space 64512K, 0% used [0x0000000755400000,0x0000000755400000,0x0000000759300000)
  from space 6144K, 99% used [0x0000000759300000,0x00000007598fca98,0x0000000759900000)
  to   space 8192K, 0% used [0x000000075b680000,0x000000075b680000,0x000000075be80000)
 ParOldGen       total 33280K, used 14717K [0x000000067fc00000, 0x0000000681c80000, 0x0000000755400000)
  object space 33280K, 44% used [0x000000067fc00000,0x0000000680a5f5a0,0x0000000681c80000)
 Metaspace       used 33345K, capacity 34084K, committed 34560K, reserved 1079296K
  class space    used 4498K, capacity 4738K, committed 4864K, reserved 1048576K
}
Event: 13.186 GC heap before
{Heap before GC invocations=15 (full 1):
 PSYoungGen      total 70656K, used 13782K [0x0000000755400000, 0x000000075be80000, 0x00000007c0000000)
  eden space 64512K, 11% used [0x0000000755400000,0x0000000755b78fd8,0x0000000759300000)
  from space 6144K, 99% used [0x0000000759300000,0x00000007598fca98,0x0000000759900000)
  to   space 8192K, 0% used [0x000000075b680000,0x000000075b680000,0x000000075be80000)
 ParOldGen       total 33280K, used 14717K [0x000000067fc00000, 0x0000000681c80000, 0x0000000755400000)
  object space 33280K, 44% used [0x000000067fc00000,0x0000000680a5f5a0,0x0000000681c80000)
 Metaspace       used 34572K, capacity 35236K, committed 35456K, reserved 1079296K
  class space    used 4696K, capacity 4930K, committed 4992K, reserved 1048576K
Event: 13.198 GC heap after
Heap after GC invocations=15 (full 1):
 PSYoungGen      total 100864K, used 922K [0x0000000755400000, 0x000000075bf00000, 0x00000007c0000000)
  eden space 92672K, 0% used [0x0000000755400000,0x0000000755400000,0x000000075ae80000)
  from space 8192K, 11% used [0x000000075b680000,0x000000075b766b88,0x000000075be80000)
  to   space 8192K, 0% used [0x000000075ae80000,0x000000075ae80000,0x000000075b680000)
 ParOldGen       total 33280K, used 20864K [0x000000067fc00000, 0x0000000681c80000, 0x0000000755400000)
  object space 33280K, 62% used [0x000000067fc00000,0x0000000681060340,0x0000000681c80000)
 Metaspace       used 34572K, capacity 35236K, committed 35456K, reserved 1079296K
  class space    used 4696K, capacity 4930K, committed 4992K, reserved 1048576K
}
Event: 13.198 GC heap before
{Heap before GC invocations=16 (full 2):
 PSYoungGen      total 100864K, used 922K [0x0000000755400000, 0x000000075bf00000, 0x00000007c0000000)
  eden space 92672K, 0% used [0x0000000755400000,0x0000000755400000,0x000000075ae80000)
  from space 8192K, 11% used [0x000000075b680000,0x000000075b766b88,0x000000075be80000)
  to   space 8192K, 0% used [0x000000075ae80000,0x000000075ae80000,0x000000075b680000)
 ParOldGen       total 33280K, used 20864K [0x000000067fc00000, 0x0000000681c80000, 0x0000000755400000)
  object space 33280K, 62% used [0x000000067fc00000,0x0000000681060340,0x0000000681c80000)
 Metaspace       used 34572K, capacity 35236K, committed 35456K, reserved 1079296K
  class space    used 4696K, capacity 4930K, committed 4992K, reserved 1048576K
Event: 13.315 GC heap after
Heap after GC invocations=16 (full 2):
 PSYoungGen      total 100864K, used 0K [0x0000000755400000, 0x000000075bf00000, 0x00000007c0000000)
  eden space 92672K, 0% used [0x0000000755400000,0x0000000755400000,0x000000075ae80000)
  from space 8192K, 0% used [0x000000075b680000,0x000000075b680000,0x000000075be80000)
  to   space 8192K, 0% used [0x000000075ae80000,0x000000075ae80000,0x000000075b680000)
 ParOldGen       total 54784K, used 19257K [0x000000067fc00000, 0x0000000683180000, 0x0000000755400000)
  object space 54784K, 35% used [0x000000067fc00000,0x0000000680ece598,0x0000000683180000)
 Metaspace       used 34572K, capacity 35236K, committed 35456K, reserved 1079296K
  class space    used 4696K, capacity 4930K, committed 4992K, reserved 1048576K
}
Event: 17.088 GC heap before
{Heap before GC invocations=17 (full 2):
 PSYoungGen      total 100864K, used 92672K [0x0000000755400000, 0x000000075bf00000, 0x00000007c0000000)
  eden space 92672K, 100% used [0x0000000755400000,0x000000075ae80000,0x000000075ae80000)
  from space 8192K, 0% used [0x000000075b680000,0x000000075b680000,0x000000075be80000)
  to   space 8192K, 0% used [0x000000075ae80000,0x000000075ae80000,0x000000075b680000)
 ParOldGen       total 54784K, used 19257K [0x000000067fc00000, 0x0000000683180000, 0x0000000755400000)
  object space 54784K, 35% used [0x000000067fc00000,0x0000000680ece598,0x0000000683180000)
 Metaspace       used 40188K, capacity 41008K, committed 41344K, reserved 1085440K
  class space    used 5511K, capacity 5730K, committed 5760K, reserved 1048576K
Event: 17.168 GC heap after
Heap after GC invocations=17 (full 2):
 PSYoungGen      total 100864K, used 8185K [0x0000000755400000, 0x000000075bf00000, 0x00000007c0000000)
  eden space 92672K, 0% used [0x0000000755400000,0x0000000755400000,0x000000075ae80000)
  from space 8192K, 99% used [0x000000075ae80000,0x000000075b67e7f8,0x000000075b680000)
  to   space 8192K, 0% used [0x000000075b680000,0x000000075b680000,0x000000075be80000)
 ParOldGen       total 54784K, used 20838K [0x000000067fc00000, 0x0000000683180000, 0x0000000755400000)
  object space 54784K, 38% used [0x000000067fc00000,0x00000006810598a8,0x0000000683180000)
 Metaspace       used 40188K, capacity 41008K, committed 41344K, reserved 1085440K
  class space    used 5511K, capacity 5730K, committed 5760K, reserved 1048576K
}
Event: 25.030 GC heap before
{Heap before GC invocations=18 (full 2):
 PSYoungGen      total 100864K, used 100857K [0x0000000755400000, 0x000000075bf00000, 0x00000007c0000000)
  eden space 92672K, 100% used [0x0000000755400000,0x000000075ae80000,0x000000075ae80000)
  from space 8192K, 99% used [0x000000075ae80000,0x000000075b67e7f8,0x000000075b680000)
  to   space 8192K, 0% used [0x000000075b680000,0x000000075b680000,0x000000075be80000)
 ParOldGen       total 54784K, used 20838K [0x000000067fc00000, 0x0000000683180000, 0x0000000755400000)
  object space 54784K, 38% used [0x000000067fc00000,0x00000006810598a8,0x0000000683180000)
 Metaspace       used 43782K, capacity 44696K, committed 44800K, reserved 1087488K
  class space    used 6070K, capacity 6330K, committed 6400K, reserved 1048576K
Event: 25.048 GC heap after
Heap after GC invocations=18 (full 2):
 PSYoungGen      total 95232K, used 8169K [0x0000000755400000, 0x000000075e880000, 0x00000007c0000000)
  eden space 87040K, 0% used [0x0000000755400000,0x0000000755400000,0x000000075a900000)
  from space 8192K, 99% used [0x000000075b680000,0x000000075be7a790,0x000000075be80000)
  to   space 13824K, 0% used [0x000000075a900000,0x000000075a900000,0x000000075b680000)
 ParOldGen       total 54784K, used 28405K [0x000000067fc00000, 0x0000000683180000, 0x0000000755400000)
  object space 54784K, 51% used [0x000000067fc00000,0x00000006817bd450,0x0000000683180000)
 Metaspace       used 43782K, capacity 44696K, committed 44800K, reserved 1087488K
  class space    used 6070K, capacity 6330K, committed 6400K, reserved 1048576K
}

